<?xml version="1.0" encoding="UTF-8"?>
<!-- Generated by org.testng.reporters.JUnitXMLReporter -->
<testsuite ignored="0" hostname="Anjanas-MacBook-Air.local" failures="1" tests="9" name="Test" time="257.412" errors="0" timestamp="2025-04-09T21:03:16 EDT">
  <testcase classname="com.Automation.Tests.UserMenuDropDownTest" name="Add_photo" time="11.542"/>
  <testcase classname="com.Automation.Tests.UserMenuDropDownTest" name="Developer_console" time="19.817"/>
  <testcase classname="com.Automation.Tests.UserMenuDropDownTest" name="Edit_profile" time="16.962"/>
  <testcase classname="com.Automation.Tests.UserMenuDropDownTest" name="File_link" time="17.363"/>
  <testcase classname="com.Automation.Tests.UserMenuDropDownTest" name="Logout" time="4.758">
    <failure type="org.openqa.selenium.NoSuchElementException" message="Unable to locate element: #left
For documentation on this error, please visit: https://www.selenium.dev/documentation/webdriver/troubleshooting/errors#no-such-element-exception
Build info: version: &amp;apos;4.17.0&amp;apos;, revision: &amp;apos;e52b1be057*&amp;apos;
System info: os.name: &amp;apos;Mac OS X&amp;apos;, os.arch: &amp;apos;aarch64&amp;apos;, os.version: &amp;apos;15.3.1&amp;apos;, java.version: &amp;apos;21.0.5&amp;apos;
Driver info: org.openqa.selenium.firefox.FirefoxDriver
Command: [dca678fe-5ac7-4f76-adde-2300da4397a6, findElement {using=id, value=left}]
Capabilities {acceptInsecureCerts: true, browserName: firefox, browserVersion: 136.0, moz:accessibilityChecks: false, moz:buildID: 20250227124745, moz:geckodriverVersion: 0.36.0, moz:headless: false, moz:platformVersion: 24.3.0, moz:processID: 6967, moz:profile: /var/folders/hp/xl_3r0gx78v..., moz:shutdownTimeout: 60000, moz:webdriverClick: true, moz:windowless: false, pageLoadStrategy: normal, platformName: mac, proxy: Proxy(), setWindowRect: true, strictFileInteractability: false, timeouts: {implicit: 0, pageLoad: 300000, script: 30000}, unhandledPromptBehavior: dismiss and notify, userAgent: Mozilla/5.0 (Macintosh; Int...}
Session ID: dca678fe-5ac7-4f76-adde-2300da4397a6">
      <![CDATA[org.openqa.selenium.NoSuchElementException: Unable to locate element: #left
For documentation on this error, please visit: https://www.selenium.dev/documentation/webdriver/troubleshooting/errors#no-such-element-exception
Build info: version: '4.17.0', revision: 'e52b1be057*'
System info: os.name: 'Mac OS X', os.arch: 'aarch64', os.version: '15.3.1', java.version: '21.0.5'
Driver info: org.openqa.selenium.firefox.FirefoxDriver
Command: [dca678fe-5ac7-4f76-adde-2300da4397a6, findElement {using=id, value=left}]
Capabilities {acceptInsecureCerts: true, browserName: firefox, browserVersion: 136.0, moz:accessibilityChecks: false, moz:buildID: 20250227124745, moz:geckodriverVersion: 0.36.0, moz:headless: false, moz:platformVersion: 24.3.0, moz:processID: 6967, moz:profile: /var/folders/hp/xl_3r0gx78v..., moz:shutdownTimeout: 60000, moz:webdriverClick: true, moz:windowless: false, pageLoadStrategy: normal, platformName: mac, proxy: Proxy(), setWindowRect: true, strictFileInteractability: false, timeouts: {implicit: 0, pageLoad: 300000, script: 30000}, unhandledPromptBehavior: dismiss and notify, userAgent: Mozilla/5.0 (Macintosh; Int...}
Session ID: dca678fe-5ac7-4f76-adde-2300da4397a6
at org.openqa.selenium.remote.codec.w3c.W3CHttpResponseCodec.createException(W3CHttpResponseCodec.java:185)
at org.openqa.selenium.remote.codec.w3c.W3CHttpResponseCodec.decode(W3CHttpResponseCodec.java:134)
at org.openqa.selenium.remote.codec.w3c.W3CHttpResponseCodec.decode(W3CHttpResponseCodec.java:51)
at org.openqa.selenium.remote.HttpCommandExecutor.execute(HttpCommandExecutor.java:190)
at org.openqa.selenium.remote.service.DriverCommandExecutor.invokeExecute(DriverCommandExecutor.java:216)
at org.openqa.selenium.remote.service.DriverCommandExecutor.execute(DriverCommandExecutor.java:174)
at org.openqa.selenium.remote.RemoteWebDriver.execute(RemoteWebDriver.java:519)
at org.openqa.selenium.remote.ElementLocation$ElementFinder$2.findElement(ElementLocation.java:165)
at org.openqa.selenium.remote.ElementLocation.findElement(ElementLocation.java:59)
at org.openqa.selenium.remote.RemoteWebDriver.findElement(RemoteWebDriver.java:356)
at org.openqa.selenium.remote.RemoteWebDriver.findElement(RemoteWebDriver.java:350)
at com.Automation.Tests.UserMenuDropDownTest.Logout(UserMenuDropDownTest.java:377)
at java.base/java.util.ArrayList.forEach(ArrayList.java:1596)
... Removed 28 stack frames]]>
    </failure>
  </testcase> <!-- Logout -->
  <testcase classname="com.Automation.Tests.UserMenuDropDownTest" name="My_Settings" time="26.189"/>
  <testcase classname="com.Automation.Tests.UserMenuDropDownTest" name="My_profile" time="8.805"/>
  <testcase classname="com.Automation.Tests.UserMenuDropDownTest" name="Post_link" time="14.258"/>
  <testcase classname="com.Automation.Tests.UserMenuDropDownTest" name="UserNavigation_menu" time="6.454"/>
</testsuite> <!-- Test -->
